<?xml version="1.0" encoding="UTF-8"?>
<!-- Generated by org.testng.reporters.JUnitXMLReporter -->
<testsuite hostname="NBDM11C-096" ignored="0" name="Default test" tests="3" failures="0" timestamp="2022-11-08T11:33:31 GMT" time="40.617" errors="0">
  <testcase name="demoClass" time="13.91" classname="com.AccessGuard.Access.Login"/>
  <testcase name="demoClass" time="15.042" classname="com.AccessGuard.Access.Login"/>
  <testcase name="demoClass" time="11.267" classname="com.AccessGuard.Access.Login"/>
</testsuite> <!-- Default test -->
